[INFO  - 2021-04-06T18:00:40.377Z] GhostDriver - Main - running on port 18243
[INFO  - 2021-04-06T18:00:40.464Z] Session [ffa35db0-9701-11eb-8bc1-212ab5873c6a] - page.settings - {"XSSAuditingEnabled":false,"javascriptCanCloseWindows":true,"javascriptCanOpenWindows":true,"javascriptEnabled":true,"loadImages":true,"localToRemoteUrlAccessEnabled":false,"userAgent":"Mozilla/5.0 (Macintosh; Intel Mac OS X) AppleWebKit/538.1 (KHTML, like Gecko) PhantomJS/2.1.1 Safari/538.1","webSecurityEnabled":true}
[INFO  - 2021-04-06T18:00:40.464Z] Session [ffa35db0-9701-11eb-8bc1-212ab5873c6a] - page.customHeaders:  - {}
[INFO  - 2021-04-06T18:00:40.465Z] Session [ffa35db0-9701-11eb-8bc1-212ab5873c6a] - Session.negotiatedCapabilities - {"browserName":"phantomjs","version":"2.1.1","driverName":"ghostdriver","driverVersion":"1.2.0","platform":"mac-unknown-64bit","javascriptEnabled":true,"takesScreenshot":true,"handlesAlerts":false,"databaseEnabled":false,"locationContextEnabled":false,"applicationCacheEnabled":false,"browserConnectionEnabled":false,"cssSelectorsEnabled":true,"webStorageEnabled":false,"rotatable":false,"acceptSslCerts":false,"nativeEvents":true,"proxy":{"proxyType":"direct"}}
[INFO  - 2021-04-06T18:00:40.465Z] SessionManagerReqHand - _postNewSessionCommand - New Session Created: ffa35db0-9701-11eb-8bc1-212ab5873c6a
[INFO  - 2021-04-06T18:00:40.936Z] ShutdownReqHand - _handle - About to shutdown
[INFO  - 2021-04-06T18:07:07.472Z] GhostDriver - Main - running on port 8968
[INFO  - 2021-04-06T18:07:07.524Z] Session [e6583000-9702-11eb-9893-adfc0c970860] - page.settings - {"XSSAuditingEnabled":false,"javascriptCanCloseWindows":true,"javascriptCanOpenWindows":true,"javascriptEnabled":true,"loadImages":true,"localToRemoteUrlAccessEnabled":false,"userAgent":"Mozilla/5.0 (Macintosh; Intel Mac OS X) AppleWebKit/538.1 (KHTML, like Gecko) PhantomJS/2.1.1 Safari/538.1","webSecurityEnabled":true}
[INFO  - 2021-04-06T18:07:07.524Z] Session [e6583000-9702-11eb-9893-adfc0c970860] - page.customHeaders:  - {}
[INFO  - 2021-04-06T18:07:07.524Z] Session [e6583000-9702-11eb-9893-adfc0c970860] - Session.negotiatedCapabilities - {"browserName":"phantomjs","version":"2.1.1","driverName":"ghostdriver","driverVersion":"1.2.0","platform":"mac-unknown-64bit","javascriptEnabled":true,"takesScreenshot":true,"handlesAlerts":false,"databaseEnabled":false,"locationContextEnabled":false,"applicationCacheEnabled":false,"browserConnectionEnabled":false,"cssSelectorsEnabled":true,"webStorageEnabled":false,"rotatable":false,"acceptSslCerts":false,"nativeEvents":true,"proxy":{"proxyType":"direct"}}
[INFO  - 2021-04-06T18:07:07.524Z] SessionManagerReqHand - _postNewSessionCommand - New Session Created: e6583000-9702-11eb-9893-adfc0c970860
[INFO  - 2021-04-06T18:07:08.717Z] ShutdownReqHand - _handle - About to shutdown
[INFO  - 2021-04-06T18:07:11.858Z] GhostDriver - Main - running on port 7894
[INFO  - 2021-04-06T18:07:12.059Z] Session [e90c0560-9702-11eb-8932-39e35dcf936f] - page.settings - {"XSSAuditingEnabled":false,"javascriptCanCloseWindows":true,"javascriptCanOpenWindows":true,"javascriptEnabled":true,"loadImages":true,"localToRemoteUrlAccessEnabled":false,"userAgent":"Mozilla/5.0 (Macintosh; Intel Mac OS X) AppleWebKit/538.1 (KHTML, like Gecko) PhantomJS/2.1.1 Safari/538.1","webSecurityEnabled":true}
[INFO  - 2021-04-06T18:07:12.080Z] Session [e90c0560-9702-11eb-8932-39e35dcf936f] - page.customHeaders:  - {}
[INFO  - 2021-04-06T18:07:12.100Z] Session [e90c0560-9702-11eb-8932-39e35dcf936f] - Session.negotiatedCapabilities - {"browserName":"phantomjs","version":"2.1.1","driverName":"ghostdriver","driverVersion":"1.2.0","platform":"mac-unknown-64bit","javascriptEnabled":true,"takesScreenshot":true,"handlesAlerts":false,"databaseEnabled":false,"locationContextEnabled":false,"applicationCacheEnabled":false,"browserConnectionEnabled":false,"cssSelectorsEnabled":true,"webStorageEnabled":false,"rotatable":false,"acceptSslCerts":false,"nativeEvents":true,"proxy":{"proxyType":"direct"}}
[INFO  - 2021-04-06T18:07:12.101Z] SessionManagerReqHand - _postNewSessionCommand - New Session Created: e90c0560-9702-11eb-8932-39e35dcf936f
[INFO  - 2021-04-06T18:07:13.613Z] ShutdownReqHand - _handle - About to shutdown
[INFO  - 2021-04-06T18:07:15.529Z] GhostDriver - Main - running on port 40413
[INFO  - 2021-04-06T18:07:15.758Z] Session [eb404a80-9702-11eb-9931-a3d6dac969c3] - page.settings - {"XSSAuditingEnabled":false,"javascriptCanCloseWindows":true,"javascriptCanOpenWindows":true,"javascriptEnabled":true,"loadImages":true,"localToRemoteUrlAccessEnabled":false,"userAgent":"Mozilla/5.0 (Macintosh; Intel Mac OS X) AppleWebKit/538.1 (KHTML, like Gecko) PhantomJS/2.1.1 Safari/538.1","webSecurityEnabled":true}
[INFO  - 2021-04-06T18:07:15.775Z] Session [eb404a80-9702-11eb-9931-a3d6dac969c3] - page.customHeaders:  - {}
[INFO  - 2021-04-06T18:07:15.776Z] Session [eb404a80-9702-11eb-9931-a3d6dac969c3] - Session.negotiatedCapabilities - {"browserName":"phantomjs","version":"2.1.1","driverName":"ghostdriver","driverVersion":"1.2.0","platform":"mac-unknown-64bit","javascriptEnabled":true,"takesScreenshot":true,"handlesAlerts":false,"databaseEnabled":false,"locationContextEnabled":false,"applicationCacheEnabled":false,"browserConnectionEnabled":false,"cssSelectorsEnabled":true,"webStorageEnabled":false,"rotatable":false,"acceptSslCerts":false,"nativeEvents":true,"proxy":{"proxyType":"direct"}}
[INFO  - 2021-04-06T18:07:15.776Z] SessionManagerReqHand - _postNewSessionCommand - New Session Created: eb404a80-9702-11eb-9931-a3d6dac969c3
[INFO  - 2021-04-06T18:07:16.212Z] ShutdownReqHand - _handle - About to shutdown
[INFO  - 2021-04-06T18:09:51.402Z] GhostDriver - Main - running on port 35138
[INFO  - 2021-04-06T18:09:51.484Z] Session [48127f80-9703-11eb-89a5-85856026df0a] - page.settings - {"XSSAuditingEnabled":false,"javascriptCanCloseWindows":true,"javascriptCanOpenWindows":true,"javascriptEnabled":true,"loadImages":true,"localToRemoteUrlAccessEnabled":false,"userAgent":"Mozilla/5.0 (Macintosh; Intel Mac OS X) AppleWebKit/538.1 (KHTML, like Gecko) PhantomJS/2.1.1 Safari/538.1","webSecurityEnabled":true}
[INFO  - 2021-04-06T18:09:51.485Z] Session [48127f80-9703-11eb-89a5-85856026df0a] - page.customHeaders:  - {}
[INFO  - 2021-04-06T18:09:51.485Z] Session [48127f80-9703-11eb-89a5-85856026df0a] - Session.negotiatedCapabilities - {"browserName":"phantomjs","version":"2.1.1","driverName":"ghostdriver","driverVersion":"1.2.0","platform":"mac-unknown-64bit","javascriptEnabled":true,"takesScreenshot":true,"handlesAlerts":false,"databaseEnabled":false,"locationContextEnabled":false,"applicationCacheEnabled":false,"browserConnectionEnabled":false,"cssSelectorsEnabled":true,"webStorageEnabled":false,"rotatable":false,"acceptSslCerts":false,"nativeEvents":true,"proxy":{"proxyType":"direct"}}
[INFO  - 2021-04-06T18:09:51.485Z] SessionManagerReqHand - _postNewSessionCommand - New Session Created: 48127f80-9703-11eb-89a5-85856026df0a
[INFO  - 2021-04-06T18:09:53.125Z] ShutdownReqHand - _handle - About to shutdown
[INFO  - 2021-04-06T18:10:04.902Z] GhostDriver - Main - running on port 22579
[INFO  - 2021-04-06T18:10:05.205Z] Session [503fd9f0-9703-11eb-ac65-b3a9324443ab] - page.settings - {"XSSAuditingEnabled":false,"javascriptCanCloseWindows":true,"javascriptCanOpenWindows":true,"javascriptEnabled":true,"loadImages":true,"localToRemoteUrlAccessEnabled":false,"userAgent":"Mozilla/5.0 (Macintosh; Intel Mac OS X) AppleWebKit/538.1 (KHTML, like Gecko) PhantomJS/2.1.1 Safari/538.1","webSecurityEnabled":true}
[INFO  - 2021-04-06T18:10:05.205Z] Session [503fd9f0-9703-11eb-ac65-b3a9324443ab] - page.customHeaders:  - {}
[INFO  - 2021-04-06T18:10:05.205Z] Session [503fd9f0-9703-11eb-ac65-b3a9324443ab] - Session.negotiatedCapabilities - {"browserName":"phantomjs","version":"2.1.1","driverName":"ghostdriver","driverVersion":"1.2.0","platform":"mac-unknown-64bit","javascriptEnabled":true,"takesScreenshot":true,"handlesAlerts":false,"databaseEnabled":false,"locationContextEnabled":false,"applicationCacheEnabled":false,"browserConnectionEnabled":false,"cssSelectorsEnabled":true,"webStorageEnabled":false,"rotatable":false,"acceptSslCerts":false,"nativeEvents":true,"proxy":{"proxyType":"direct"}}
[INFO  - 2021-04-06T18:10:05.205Z] SessionManagerReqHand - _postNewSessionCommand - New Session Created: 503fd9f0-9703-11eb-ac65-b3a9324443ab
[INFO  - 2021-04-06T18:10:06.052Z] ShutdownReqHand - _handle - About to shutdown
[INFO  - 2021-04-06T18:12:25.981Z] GhostDriver - Main - running on port 11948
[INFO  - 2021-04-06T18:12:26.239Z] Session [a44fee90-9703-11eb-a257-2bfe372aed4d] - page.settings - {"XSSAuditingEnabled":false,"javascriptCanCloseWindows":true,"javascriptCanOpenWindows":true,"javascriptEnabled":true,"loadImages":true,"localToRemoteUrlAccessEnabled":false,"userAgent":"Mozilla/5.0 (Macintosh; Intel Mac OS X) AppleWebKit/538.1 (KHTML, like Gecko) PhantomJS/2.1.1 Safari/538.1","webSecurityEnabled":true}
[INFO  - 2021-04-06T18:12:26.239Z] Session [a44fee90-9703-11eb-a257-2bfe372aed4d] - page.customHeaders:  - {}
[INFO  - 2021-04-06T18:12:26.239Z] Session [a44fee90-9703-11eb-a257-2bfe372aed4d] - Session.negotiatedCapabilities - {"browserName":"phantomjs","version":"2.1.1","driverName":"ghostdriver","driverVersion":"1.2.0","platform":"mac-unknown-64bit","javascriptEnabled":true,"takesScreenshot":true,"handlesAlerts":false,"databaseEnabled":false,"locationContextEnabled":false,"applicationCacheEnabled":false,"browserConnectionEnabled":false,"cssSelectorsEnabled":true,"webStorageEnabled":false,"rotatable":false,"acceptSslCerts":false,"nativeEvents":true,"proxy":{"proxyType":"direct"}}
[INFO  - 2021-04-06T18:12:26.239Z] SessionManagerReqHand - _postNewSessionCommand - New Session Created: a44fee90-9703-11eb-a257-2bfe372aed4d
[INFO  - 2021-04-06T18:12:27.259Z] ShutdownReqHand - _handle - About to shutdown
[INFO  - 2021-04-06T18:13:45.001Z] GhostDriver - Main - running on port 44703
[INFO  - 2021-04-06T18:13:45.143Z] Session [d3580830-9703-11eb-8397-7772ca6fb8f9] - page.settings - {"XSSAuditingEnabled":false,"javascriptCanCloseWindows":true,"javascriptCanOpenWindows":true,"javascriptEnabled":true,"loadImages":true,"localToRemoteUrlAccessEnabled":false,"userAgent":"Mozilla/5.0 (Macintosh; Intel Mac OS X) AppleWebKit/538.1 (KHTML, like Gecko) PhantomJS/2.1.1 Safari/538.1","webSecurityEnabled":true}
[INFO  - 2021-04-06T18:13:45.143Z] Session [d3580830-9703-11eb-8397-7772ca6fb8f9] - page.customHeaders:  - {}
[INFO  - 2021-04-06T18:13:45.143Z] Session [d3580830-9703-11eb-8397-7772ca6fb8f9] - Session.negotiatedCapabilities - {"browserName":"phantomjs","version":"2.1.1","driverName":"ghostdriver","driverVersion":"1.2.0","platform":"mac-unknown-64bit","javascriptEnabled":true,"takesScreenshot":true,"handlesAlerts":false,"databaseEnabled":false,"locationContextEnabled":false,"applicationCacheEnabled":false,"browserConnectionEnabled":false,"cssSelectorsEnabled":true,"webStorageEnabled":false,"rotatable":false,"acceptSslCerts":false,"nativeEvents":true,"proxy":{"proxyType":"direct"}}
[INFO  - 2021-04-06T18:13:45.144Z] SessionManagerReqHand - _postNewSessionCommand - New Session Created: d3580830-9703-11eb-8397-7772ca6fb8f9
[INFO  - 2021-04-06T18:13:46.134Z] ShutdownReqHand - _handle - About to shutdown
[INFO  - 2021-04-06T18:16:10.799Z] GhostDriver - Main - running on port 41525
[INFO  - 2021-04-06T18:16:10.861Z] Session [2a32ae80-9704-11eb-9e5f-8b3c95ffe628] - page.settings - {"XSSAuditingEnabled":false,"javascriptCanCloseWindows":true,"javascriptCanOpenWindows":true,"javascriptEnabled":true,"loadImages":true,"localToRemoteUrlAccessEnabled":false,"userAgent":"Mozilla/5.0 (Macintosh; Intel Mac OS X) AppleWebKit/538.1 (KHTML, like Gecko) PhantomJS/2.1.1 Safari/538.1","webSecurityEnabled":true}
[INFO  - 2021-04-06T18:16:10.861Z] Session [2a32ae80-9704-11eb-9e5f-8b3c95ffe628] - page.customHeaders:  - {}
[INFO  - 2021-04-06T18:16:10.861Z] Session [2a32ae80-9704-11eb-9e5f-8b3c95ffe628] - Session.negotiatedCapabilities - {"browserName":"phantomjs","version":"2.1.1","driverName":"ghostdriver","driverVersion":"1.2.0","platform":"mac-unknown-64bit","javascriptEnabled":true,"takesScreenshot":true,"handlesAlerts":false,"databaseEnabled":false,"locationContextEnabled":false,"applicationCacheEnabled":false,"browserConnectionEnabled":false,"cssSelectorsEnabled":true,"webStorageEnabled":false,"rotatable":false,"acceptSslCerts":false,"nativeEvents":true,"proxy":{"proxyType":"direct"}}
[INFO  - 2021-04-06T18:16:10.861Z] SessionManagerReqHand - _postNewSessionCommand - New Session Created: 2a32ae80-9704-11eb-9e5f-8b3c95ffe628
[INFO  - 2021-04-06T18:16:13.120Z] ShutdownReqHand - _handle - About to shutdown
[INFO  - 2021-04-07T08:51:46.331Z] GhostDriver - Main - running on port 26048
[INFO  - 2021-04-07T08:51:46.565Z] Session [7beaa1e0-977e-11eb-8a1f-e9daa782c51f] - page.settings - {"XSSAuditingEnabled":false,"javascriptCanCloseWindows":true,"javascriptCanOpenWindows":true,"javascriptEnabled":true,"loadImages":true,"localToRemoteUrlAccessEnabled":false,"userAgent":"Mozilla/5.0 (Macintosh; Intel Mac OS X) AppleWebKit/538.1 (KHTML, like Gecko) PhantomJS/2.1.1 Safari/538.1","webSecurityEnabled":true}
[INFO  - 2021-04-07T08:51:46.565Z] Session [7beaa1e0-977e-11eb-8a1f-e9daa782c51f] - page.customHeaders:  - {}
[INFO  - 2021-04-07T08:51:46.565Z] Session [7beaa1e0-977e-11eb-8a1f-e9daa782c51f] - Session.negotiatedCapabilities - {"browserName":"phantomjs","version":"2.1.1","driverName":"ghostdriver","driverVersion":"1.2.0","platform":"mac-unknown-64bit","javascriptEnabled":true,"takesScreenshot":true,"handlesAlerts":false,"databaseEnabled":false,"locationContextEnabled":false,"applicationCacheEnabled":false,"browserConnectionEnabled":false,"cssSelectorsEnabled":true,"webStorageEnabled":false,"rotatable":false,"acceptSslCerts":false,"nativeEvents":true,"proxy":{"proxyType":"direct"}}
[INFO  - 2021-04-07T08:51:46.565Z] SessionManagerReqHand - _postNewSessionCommand - New Session Created: 7beaa1e0-977e-11eb-8a1f-e9daa782c51f
[INFO  - 2021-04-07T08:51:49.870Z] ShutdownReqHand - _handle - About to shutdown
[INFO  - 2021-04-07T08:52:16.631Z] GhostDriver - Main - running on port 6025
[INFO  - 2021-04-07T08:52:16.795Z] Session [8deee810-977e-11eb-9a73-396567de6094] - page.settings - {"XSSAuditingEnabled":false,"javascriptCanCloseWindows":true,"javascriptCanOpenWindows":true,"javascriptEnabled":true,"loadImages":true,"localToRemoteUrlAccessEnabled":false,"userAgent":"Mozilla/5.0 (Macintosh; Intel Mac OS X) AppleWebKit/538.1 (KHTML, like Gecko) PhantomJS/2.1.1 Safari/538.1","webSecurityEnabled":true}
[INFO  - 2021-04-07T08:52:16.795Z] Session [8deee810-977e-11eb-9a73-396567de6094] - page.customHeaders:  - {}
[INFO  - 2021-04-07T08:52:16.796Z] Session [8deee810-977e-11eb-9a73-396567de6094] - Session.negotiatedCapabilities - {"browserName":"phantomjs","version":"2.1.1","driverName":"ghostdriver","driverVersion":"1.2.0","platform":"mac-unknown-64bit","javascriptEnabled":true,"takesScreenshot":true,"handlesAlerts":false,"databaseEnabled":false,"locationContextEnabled":false,"applicationCacheEnabled":false,"browserConnectionEnabled":false,"cssSelectorsEnabled":true,"webStorageEnabled":false,"rotatable":false,"acceptSslCerts":false,"nativeEvents":true,"proxy":{"proxyType":"direct"}}
[INFO  - 2021-04-07T08:52:16.796Z] SessionManagerReqHand - _postNewSessionCommand - New Session Created: 8deee810-977e-11eb-9a73-396567de6094
